TN:
SF:api/app.js
FN:17,(anonymous_0)
FN:21,(anonymous_1)
FNF:2
FNH:2
FNDA:1,(anonymous_0)
FNDA:3,(anonymous_1)
DA:2,2
DA:3,2
DA:6,2
DA:8,2
DA:10,2
DA:11,2
DA:14,2
DA:17,2
DA:19,2
DA:21,3
DA:24,2
LF:11
LH:11
BRF:0
BRH:0
end_of_record
TN:
SF:api/db.config.js
FNF:0
FNH:0
DA:2,2
DA:5,2
DA:15,2
DA:16,2
DA:17,2
DA:23,2
LF:6
LH:6
BRF:0
BRH:0
end_of_record
TN:
SF:api/controllers/user_c.js
FN:6,(anonymous_0)
FN:8,(anonymous_1)
FN:9,(anonymous_2)
FN:12,(anonymous_3)
FN:26,(anonymous_4)
FN:46,(anonymous_5)
FN:62,(anonymous_6)
FNF:7
FNH:6
FNDA:1,(anonymous_0)
FNDA:1,(anonymous_1)
FNDA:0,(anonymous_2)
FNDA:2,(anonymous_3)
FNDA:2,(anonymous_4)
FNDA:2,(anonymous_5)
FNDA:1,(anonymous_6)
DA:2,2
DA:6,2
DA:7,1
DA:8,1
DA:9,0
DA:12,2
DA:13,2
DA:14,2
DA:15,2
DA:16,2
DA:17,1
DA:20,1
DA:22,0
DA:26,2
DA:27,2
DA:29,2
DA:30,1
DA:33,1
DA:34,1
DA:35,1
DA:36,0
DA:39,1
DA:40,1
DA:42,0
DA:46,2
DA:47,2
DA:48,2
DA:50,2
DA:51,2
DA:52,1
DA:55,1
DA:56,1
DA:58,0
DA:62,2
DA:63,1
DA:64,1
DA:65,1
DA:66,1
DA:68,0
LF:39
LH:33
BRDA:16,0,0,1
BRDA:16,0,1,1
BRDA:29,1,0,1
BRDA:29,1,1,1
BRDA:29,2,0,2
BRDA:29,2,1,2
BRDA:29,2,2,1
BRDA:35,3,0,0
BRDA:35,3,1,1
BRDA:51,4,0,1
BRDA:51,4,1,1
BRF:11
BRH:10
end_of_record
TN:
SF:api/models/user_m.js
FN:6,(anonymous_0)
FN:30,(anonymous_1)
FNF:2
FNH:2
FNDA:2,(anonymous_0)
FNDA:1,(anonymous_1)
DA:2,2
DA:3,2
DA:6,2
DA:7,2
DA:30,2
DA:31,1
DA:32,1
DA:35,2
LF:8
LH:8
BRF:0
BRH:0
end_of_record
TN:
SF:api/routes/user_r.js
FNF:0
FNH:0
DA:2,2
DA:3,2
DA:6,2
DA:18,2
DA:19,2
DA:21,2
DA:22,2
DA:24,2
DA:26,2
LF:9
LH:9
BRF:0
BRH:0
end_of_record
